<?xml version="1.0" encoding="UTF-8"?>
<testng-results skipped="3" failed="0" total="3" passed="0">
  <reporter-output>
  </reporter-output>
  <suite name="Google Test Suite" duration-ms="53368" started-at="2016-01-12T18:33:17Z" finished-at="2016-01-12T18:34:11Z">
    <groups>
    </groups>
    <test name="Google Tests" duration-ms="53368" started-at="2016-01-12T18:33:17Z" finished-at="2016-01-12T18:34:11Z">
      <class name="google.GoogleTestsDesktop">
        <test-method status="FAIL" signature="Setup(java.lang.String, java.lang.String, java.lang.String, java.lang.String)[pri:0, instance:google.GoogleTestsDesktop@357246de]" name="Setup" is-config="true" duration-ms="0" started-at="2016-01-12T18:33:17Z" finished-at="2016-01-12T18:33:17Z">
          <params>
            <param index="0">
              <value>
                <![CDATA[krypton.portal@gmail.com]]>
              </value>
            </param>
            <param index="1">
              <value>
                <![CDATA[Admin@123456789]]>
              </value>
            </param>
            <param index="2">
              <value>
                <![CDATA[krypton.portal2@gmail.com]]>
              </value>
            </param>
            <param index="3">
              <value>
                <![CDATA[Admin@123456789]]>
              </value>
            </param>
          </params>
          <exception class="org.openqa.selenium.SessionNotCreatedException">
            <message>
              <![CDATA[session not created exception
from disconnected: received Inspector.detached event
  (Session info: chrome=47.0.2526.106)
  (Driver info: chromedriver=2.20.353145 (343b531d31eeb933ec778dbcf7081628a1396067),platform=Windows NT 6.1 SP1 x86_64) (WARNING: The server did not provide any stacktrace information)
Command duration or timeout: 39.66 seconds
Build info: version: '2.48.2', revision: '41bccdd10cf2c0560f637404c2d96164b67d9d67', time: '2015-10-09 13:08:06'
System info: host: 'HUNGDANGDE5C', ip: '10.211.55.3', os.name: 'Windows 7', os.arch: 'amd64', os.version: '6.1', java.version: '1.8.0_60'
Driver info: org.openqa.selenium.chrome.ChromeDriver]]>
            </message>
            <full-stacktrace>
              <![CDATA[org.openqa.selenium.SessionNotCreatedException: session not created exception
from disconnected: received Inspector.detached event
  (Session info: chrome=47.0.2526.106)
  (Driver info: chromedriver=2.20.353145 (343b531d31eeb933ec778dbcf7081628a1396067),platform=Windows NT 6.1 SP1 x86_64) (WARNING: The server did not provide any stacktrace information)
Command duration or timeout: 39.66 seconds
Build info: version: '2.48.2', revision: '41bccdd10cf2c0560f637404c2d96164b67d9d67', time: '2015-10-09 13:08:06'
System info: host: 'HUNGDANGDE5C', ip: '10.211.55.3', os.name: 'Windows 7', os.arch: 'amd64', os.version: '6.1', java.version: '1.8.0_60'
Driver info: org.openqa.selenium.chrome.ChromeDriver
	at sun.reflect.NativeConstructorAccessorImpl.newInstance0(Native Method)
	at sun.reflect.NativeConstructorAccessorImpl.newInstance(Unknown Source)
	at sun.reflect.DelegatingConstructorAccessorImpl.newInstance(Unknown Source)
	at java.lang.reflect.Constructor.newInstance(Unknown Source)
	at org.openqa.selenium.remote.ErrorHandler.createThrowable(ErrorHandler.java:206)
	at org.openqa.selenium.remote.ErrorHandler.throwIfResponseFailed(ErrorHandler.java:158)
	at org.openqa.selenium.remote.RemoteWebDriver.execute(RemoteWebDriver.java:647)
	at org.openqa.selenium.remote.RemoteWebDriver.startSession(RemoteWebDriver.java:247)
	at org.openqa.selenium.remote.RemoteWebDriver.<init>(RemoteWebDriver.java:129)
	at org.openqa.selenium.remote.RemoteWebDriver.<init>(RemoteWebDriver.java:142)
	at org.openqa.selenium.chrome.ChromeDriver.<init>(ChromeDriver.java:170)
	at org.openqa.selenium.chrome.ChromeDriver.<init>(ChromeDriver.java:159)
	at org.openqa.selenium.chrome.ChromeDriver.<init>(ChromeDriver.java:148)
	at google.SetupChromeDriver.setupChromeDriver(SetupChromeDriver.java:46)
	at google.GoogleTestsDesktop.Setup(GoogleTestsDesktop.java:41)
	at sun.reflect.NativeMethodAccessorImpl.invoke0(Native Method)
	at sun.reflect.NativeMethodAccessorImpl.invoke(Unknown Source)
	at sun.reflect.DelegatingMethodAccessorImpl.invoke(Unknown Source)
	at java.lang.reflect.Method.invoke(Unknown Source)
	at org.testng.internal.MethodInvocationHelper.invokeMethod(MethodInvocationHelper.java:80)
	at org.testng.internal.Invoker.invokeConfigurationMethod(Invoker.java:551)
	at org.testng.internal.Invoker.invokeConfigurations(Invoker.java:213)
	at org.testng.internal.Invoker.invokeConfigurations(Invoker.java:138)
	at org.testng.TestRunner.beforeRun(TestRunner.java:641)
	at org.testng.TestRunner.run(TestRunner.java:609)
	at org.testng.SuiteRunner.runTest(SuiteRunner.java:334)
	at org.testng.SuiteRunner.runSequentially(SuiteRunner.java:329)
	at org.testng.SuiteRunner.privateRun(SuiteRunner.java:291)
	at org.testng.SuiteRunner.run(SuiteRunner.java:240)
	at org.testng.SuiteRunnerWorker.runSuite(SuiteRunnerWorker.java:53)
	at org.testng.SuiteRunnerWorker.run(SuiteRunnerWorker.java:87)
	at org.testng.TestNG.runSuitesSequentially(TestNG.java:1188)
	at org.testng.TestNG.runSuitesLocally(TestNG.java:1113)
	at org.testng.TestNG.run(TestNG.java:1025)
	at org.testng.remote.RemoteTestNG.run(RemoteTestNG.java:115)
	at org.testng.remote.RemoteTestNG.initAndRun(RemoteTestNG.java:207)
	at org.testng.remote.RemoteTestNG.main(RemoteTestNG.java:178)
]]>
            </full-stacktrace>
          </exception> <!-- org.openqa.selenium.SessionNotCreatedException -->
        </test-method> <!-- Setup -->
        <test-method status="SKIP" signature="GoogleLogin_Invalid()[pri:1, instance:google.GoogleTestsDesktop@357246de]" name="GoogleLogin_Invalid" duration-ms="2" started-at="2016-01-12T18:34:11Z" description="should not accept empty email or invalid email" finished-at="2016-01-12T18:34:11Z">
        </test-method> <!-- GoogleLogin_Invalid -->
        <test-method status="SKIP" signature="GoogleLogin_Valid()[pri:2, instance:google.GoogleTestsDesktop@357246de]" name="GoogleLogin_Valid" duration-ms="1" started-at="2016-01-12T18:34:11Z" description="should accept valid credentials" finished-at="2016-01-12T18:34:11Z">
        </test-method> <!-- GoogleLogin_Valid -->
        <test-method status="SKIP" signature="GoogleComposeEmail()[pri:3, instance:google.GoogleTestsDesktop@357246de]" name="GoogleComposeEmail" duration-ms="1" started-at="2016-01-12T18:34:11Z" description="should compose email successfully by Gmail1" finished-at="2016-01-12T18:34:11Z">
        </test-method> <!-- GoogleComposeEmail -->
        <test-method status="SKIP" signature="Teardown()[pri:0, instance:google.GoogleTestsDesktop@357246de]" name="Teardown" is-config="true" duration-ms="0" started-at="2016-01-12T18:34:11Z" finished-at="2016-01-12T18:34:11Z">
        </test-method> <!-- Teardown -->
      </class> <!-- google.GoogleTestsDesktop -->
    </test> <!-- Google Tests -->
  </suite> <!-- Google Test Suite -->
</testng-results>
